<?xml version="1.0" encoding="UTF-8"?>
<!-- Generated by org.testng.reporters.JUnitReportReporter -->
<testsuite hostname="DESKTOP-73VT5SL" failures="0" tests="6" name="tests.Tests" time="55.571" errors="0" timestamp="2023-02-08T14:25:27 IST" skipped="1">
  <testcase classname="tests.Tests" name="book_ap" time="15.752"/>
  <system-out/>
  <testcase classname="tests.Tests" name="back" time="5.338"/>
  <system-out/>
  <testcase classname="tests.Tests" name="logintest" time="11.301"/>
  <system-out/>
  <testcase classname="tests.Tests" name="logintest" time="11.766"/>
  <system-out/>
  <testcase classname="tests.Tests" name="logintest" time="11.414"/>
  <system-out/>
  <testcase classname="tests.Tests" name="createnewuser">
    <skipped/>
  </testcase> <!-- createnewuser -->
  <system-out/>
</testsuite> <!-- tests.Tests -->
