<?xml version="1.0" encoding="UTF-8"?>
<!-- Generated by org.testng.reporters.JUnitReportReporter -->
<testsuite hostname="DESKTOP-73VT5SL" failures="0" tests="2" name="tests.Book_Appointment_test" time="31.943" errors="0" timestamp="2023-02-02T12:31:13 IST" skipped="0">
  <testcase classname="tests.Book_Appointment_test" name="book_ap" time="26.564"/>
  <system-out/>
  <testcase classname="tests.Book_Appointment_test" name="back" time="5.379"/>
  <system-out/>
</testsuite> <!-- tests.Book_Appointment_test -->
