<?xml version="1.0" encoding="UTF-8"?>
<!-- Generated by org.testng.reporters.JUnitReportReporter -->
<testsuite hostname="DESKTOP-73VT5SL" failures="0" tests="1" name="tests.Login_Test" time="13.523" errors="0" timestamp="2023-01-25T15:55:29 IST" skipped="0">
  <testcase classname="tests.Login_Test" name="logintest" time="13.523"/>
  <system-out/>
</testsuite> <!-- tests.Login_Test -->
