<?xml version="1.0" encoding="UTF-8"?>
<!-- Generated by org.testng.reporters.JUnitReportReporter -->
<testsuite hostname="DESKTOP-73VT5SL" failures="0" tests="1" name="tests.Create_new_user" time="33.245" errors="0" timestamp="2023-01-20T13:19:55 IST" skipped="0">
  <testcase classname="tests.Create_new_user" name="createnewuser" time="33.245"/>
  <system-out/>
</testsuite> <!-- tests.Create_new_user -->
