<?xml version="1.0" encoding="UTF-8"?>
<!-- Generated by org.testng.reporters.JUnitReportReporter -->
<testsuite hostname="DESKTOP-73VT5SL" failures="0" tests="1" name="tests.Open_app" time="0.642" errors="0" timestamp="2023-01-19T13:31:25 IST" skipped="0">
  <testcase classname="tests.Open_app" name="openapp" time="0.642"/>
  <system-out/>
</testsuite> <!-- tests.Open_app -->
