<?xml version="1.0" encoding="UTF-8"?>
<!-- Generated by org.testng.reporters.JUnitReportReporter -->
<testsuite hostname="DESKTOP-73VT5SL" failures="0" tests="4" name="tests.Login_Test" time="43.165" errors="0" timestamp="2023-02-07T18:27:50 IST" skipped="1">
  <testcase classname="tests.Login_Test" name="logintest" time="13.358"/>
  <system-out/>
  <testcase classname="tests.Login_Test" name="logintest" time="12.808"/>
  <system-out/>
  <testcase classname="tests.Login_Test" name="logintest" time="16.999"/>
  <system-out/>
  <testcase classname="tests.Login_Test" name="logintestloop">
    <skipped/>
  </testcase> <!-- logintestloop -->
  <system-out/>
</testsuite> <!-- tests.Login_Test -->
