<?xml version="1.0" encoding="UTF-8"?>
<!-- Generated by org.testng.reporters.JUnitReportReporter -->
<testsuite hostname="DESKTOP-73VT5SL" failures="0" tests="4" name="tests.Login_Test" time="35.491" errors="0" timestamp="2023-01-31T17:31:29 IST" skipped="1">
  <testcase classname="tests.Login_Test" name="logintest" time="11.462"/>
  <system-out/>
  <testcase classname="tests.Login_Test" name="logintest" time="11.957"/>
  <system-out/>
  <testcase classname="tests.Login_Test" name="logintest" time="12.072"/>
  <system-out/>
  <testcase classname="tests.Login_Test" name="logintestloop">
    <skipped/>
  </testcase> <!-- logintestloop -->
  <system-out/>
</testsuite> <!-- tests.Login_Test -->
