<?xml version="1.0" encoding="UTF-8"?>
<!-- Generated by org.testng.reporters.JUnitReportReporter -->
<testsuite hostname="DESKTOP-73VT5SL" failures="0" tests="1" name="tests.Book_Appointment_test" time="32.177" errors="0" timestamp="2023-01-24T15:20:51 IST" skipped="0">
  <testcase classname="tests.Book_Appointment_test" name="book_ap" time="32.177"/>
  <system-out/>
</testsuite> <!-- tests.Book_Appointment_test -->
