<?xml version="1.0" encoding="UTF-8"?>
<!-- Generated by org.testng.reporters.JUnitReportReporter -->
<testsuite hostname="DESKTOP-73VT5SL" failures="0" tests="1" name="tests.Create_new_user" time="28.675" errors="0" timestamp="2023-01-20T18:39:57 IST" skipped="0">
  <testcase classname="tests.Create_new_user" name="createnewuser" time="28.675"/>
  <system-out/>
</testsuite> <!-- tests.Create_new_user -->
