<?xml version="1.0" encoding="UTF-8"?>
<!-- Generated by org.testng.reporters.JUnitReportReporter -->
<testsuite hostname="DESKTOP-73VT5SL" failures="0" tests="6" name="tests.Tests" time="82.096" errors="0" timestamp="2023-02-08T17:21:38 IST" skipped="1">
  <testcase classname="tests.Tests" name="book_ap" time="40.346"/>
  <system-out/>
  <testcase classname="tests.Tests" name="back" time="5.454"/>
  <system-out/>
  <testcase classname="tests.Tests" name="logintest" time="12.278"/>
  <system-out/>
  <testcase classname="tests.Tests" name="logintest" time="11.791"/>
  <system-out/>
  <testcase classname="tests.Tests" name="logintest" time="12.227"/>
  <system-out/>
  <testcase classname="tests.Tests" name="createnewuser">
    <skipped/>
  </testcase> <!-- createnewuser -->
  <system-out/>
</testsuite> <!-- tests.Tests -->
