<?xml version="1.0" encoding="UTF-8"?>
<!-- Generated by org.testng.reporters.JUnitReportReporter -->
<testsuite hostname="LAPTOP-D50R00C8" failures="0" tests="1" name="LoginTest.ToVerifyHomePageTest" time="12.544" errors="0" timestamp="2022-12-07T14:38:41 IST" skipped="0">
  <testcase classname="LoginTest.ToVerifyHomePageTest" name="toVerifyHomePageTest" time="12.544"/>
  <system-out/>
</testsuite> <!-- LoginTest.ToVerifyHomePageTest -->
